<?xml version="1.0" encoding="UTF-8"?>
<testng-results skipped="0" failed="0" ignored="0" total="1" passed="1">
  <reporter-output>
  </reporter-output>
  <suite name="Comparator" duration-ms="11481" started-at="2020-10-12T13:25:33 IST" finished-at="2020-10-12T13:25:44 IST">
    <groups>
    </groups>
    <test name="Comparator Test" duration-ms="11481" started-at="2020-10-12T13:25:33 IST" finished-at="2020-10-12T13:25:44 IST">
      <class name="com.comparator.testCases.TC_CompareApi">
        <test-method status="PASS" signature="compareApi()[pri:0, instance:com.comparator.testCases.TC_CompareApi@9660f4e]" name="compareApi" duration-ms="11055" started-at="2020-10-12T13:25:33 IST" finished-at="2020-10-12T13:25:44 IST">
          <reporter-output>
          </reporter-output>
        </test-method> <!-- compareApi -->
      </class> <!-- com.comparator.testCases.TC_CompareApi -->
    </test> <!-- Comparator Test -->
  </suite> <!-- Comparator -->
</testng-results>
